
--------------------------------------------------
TXLib соболезнует...

Программа: C:\Шлёнкин Матвей\тест\тест.exe, файл: c:\codeblocks\codeblocks\mingw\include\txlib.h, строка: 13722, функция: bool {anonymous}::TX::txBitBlt(HDC, double, double, double, double, HDC, double, double, unsigned int),

Сообщение: Параметр "sourceImage" неверен. Возможно, этот холст не создан, или уже уничтожен, или не загрузилась картинка.

#1: TXLib [Ver: 00173a, Rev: 173, Date: 2024-06-23 22:37:05 +0400], Instance: 0x0051256C (32-bit), Flags: CMdRe0, Thread: 0x1D58 (Main), GetLastError(): 13 (Недопустимые данные). 

--------------------------------------------------
Стек вызовов:



--------------------------------------------------
Developed with:

The Dumb Artist Library (TX Library)
TXLib [Ver: 00173a, Rev: 173, Date: 2024-06-23 22:37:05 +0400]
Copyright (C) Ded (Ilya Dedinsky, http://txlib.ru) <mail@txlib.ru>
See license on: http://txlib.ru

TXLib file:	c:\codeblocks\codeblocks\mingw\include\txlib.h
Compiled:	May 27 2025 10:10:22, GNU g++ 4.8.1, std=201103L, MinGW Runtime 3.20, 32-bit, Debug
Started:	May 29 2025 09:28:02

Run file:	C:\Шлёнкин Матвей\тест\тест.exe
Directory:	C:\Шлёнкин Матвей\тест

--------------------------------------------------

--------------------------------------------------
TXLib соболезнует...

Программа: C:\Шлёнкин Матвей\тест\тест.exe, файл: c:\codeblocks\codeblocks\mingw\include\txlib.h, строка: 13722, функция: bool {anonymous}::TX::txBitBlt(HDC, double, double, double, double, HDC, double, double, unsigned int),

Сообщение: Параметр "sourceImage" неверен. Возможно, этот холст не создан, или уже уничтожен, или не загрузилась картинка.

#1: TXLib [Ver: 00173a, Rev: 173, Date: 2024-06-23 22:37:05 +0400], Instance: 0x0051256C (32-bit), Flags: CMdRe0, Thread: 0x2240 (Main), GetLastError(): 13 (Недопустимые данные). 

--------------------------------------------------
Стек вызовов:



--------------------------------------------------
Developed with:

The Dumb Artist Library (TX Library)
TXLib [Ver: 00173a, Rev: 173, Date: 2024-06-23 22:37:05 +0400]
Copyright (C) Ded (Ilya Dedinsky, http://txlib.ru) <mail@txlib.ru>
See license on: http://txlib.ru

TXLib file:	c:\codeblocks\codeblocks\mingw\include\txlib.h
Compiled:	May 27 2025 10:10:22, GNU g++ 4.8.1, std=201103L, MinGW Runtime 3.20, 32-bit, Debug
Started:	May 29 2025 09:29:14

Run file:	C:\Шлёнкин Матвей\тест\тест.exe
Directory:	C:\Шлёнкин Матвей\тест

--------------------------------------------------

--------------------------------------------------
TXLib соболезнует...

Программа: C:\Шлёнкин Матвей\тест\тест.exe, файл: c:\codeblocks\codeblocks\mingw\include\txlib.h, строка: 13313, функция: bool {anonymous}::TX::txClear(HDC),

Сообщение: Окно рисования не создано или не в порядке.
Если вы указали параметр "dc", то он неверен.

#1: TXLib [Ver: 00173a, Rev: 173, Date: 2024-06-23 22:37:05 +0400], Instance: 0x0051256C (32-bit), Flags: CMdRE0, Thread: 0x18A0 (Main), GetLastError(): 87 (Параметр задан неверно). 

--------------------------------------------------
Стек вызовов:



--------------------------------------------------
Developed with:

The Dumb Artist Library (TX Library)
TXLib [Ver: 00173a, Rev: 173, Date: 2024-06-23 22:37:05 +0400]
Copyright (C) Ded (Ilya Dedinsky, http://txlib.ru) <mail@txlib.ru>
See license on: http://txlib.ru

TXLib file:	c:\codeblocks\codeblocks\mingw\include\txlib.h
Compiled:	May 27 2025 10:10:22, GNU g++ 4.8.1, std=201103L, MinGW Runtime 3.20, 32-bit, Debug
Started:	May 29 2025 09:41:25

Run file:	C:\Шлёнкин Матвей\тест\тест.exe
Directory:	C:\Шлёнкин Матвей\тест

--------------------------------------------------

--------------------------------------------------
TXLib соболезнует...

Программа: C:\Шлёнкин Матвей\тест\тест.exe, файл: c:\codeblocks\codeblocks\mingw\include\txlib.h, строка: 13313, функция: bool {anonymous}::TX::txClear(HDC),

Сообщение: Окно рисования не создано или не в порядке.
Если вы указали параметр "dc", то он неверен.

#1: TXLib [Ver: 00173a, Rev: 173, Date: 2024-06-23 22:37:05 +0400], Instance: 0x004F62FC (32-bit), Flags: CMdrE0, Thread: 0x1AA0 (Main), GetLastError(): 87 (Параметр задан неверно). 

--------------------------------------------------
Стек вызовов:



--------------------------------------------------
Developed with:

The Dumb Artist Library (TX Library)
TXLib [Ver: 00173a, Rev: 173, Date: 2024-06-23 22:37:05 +0400]
Copyright (C) Ded (Ilya Dedinsky, http://txlib.ru) <mail@txlib.ru>
See license on: http://txlib.ru

TXLib file:	c:\codeblocks\codeblocks\mingw\include\txlib.h
Compiled:	May 20 2025 10:07:51, GNU g++ 4.8.1, std=201103L, MinGW Runtime 3.20, 32-bit, Debug
Started:	May 29 2025 10:15:03

Run file:	C:\Шлёнкин Матвей\тест\тест.exe
Directory:	C:\Шлёнкин Матвей\тест

--------------------------------------------------

--------------------------------------------------
TXLib соболезнует...

Программа: C:\Шлёнкин Матвей\тест\тест.exe, файл: c:\codeblocks\codeblocks\mingw\include\txlib.h, строка: 13313, функция: bool {anonymous}::TX::txClear(HDC),

Сообщение: Окно рисования не создано или не в порядке.
Если вы указали параметр "dc", то он неверен.

#1: TXLib [Ver: 00173a, Rev: 173, Date: 2024-06-23 22:37:05 +0400], Instance: 0x004F62FC (32-bit), Flags: CMdRE0, Thread: 0x1F4C (Main), GetLastError(): 87 (Параметр задан неверно). 

--------------------------------------------------
Стек вызовов:



--------------------------------------------------
Developed with:

The Dumb Artist Library (TX Library)
TXLib [Ver: 00173a, Rev: 173, Date: 2024-06-23 22:37:05 +0400]
Copyright (C) Ded (Ilya Dedinsky, http://txlib.ru) <mail@txlib.ru>
See license on: http://txlib.ru

TXLib file:	c:\codeblocks\codeblocks\mingw\include\txlib.h
Compiled:	May 20 2025 10:07:51, GNU g++ 4.8.1, std=201103L, MinGW Runtime 3.20, 32-bit, Debug
Started:	May 29 2025 10:14:58

Run file:	C:\Шлёнкин Матвей\тест\тест.exe
Directory:	C:\Шлёнкин Матвей\тест

--------------------------------------------------
