
--------------------------------------------------
TXLib соболезнует...

Программа: C:\Шлёнкин Матвей\тест\bin\Release\тест.exe, файл: c:\codeblocks\codeblocks\mingw\include\txlib.h, строка: 13722, функция: bool {anonymous}::TX::txBitBlt(HDC, double, double, double, double, HDC, double, double, unsigned int),

Сообщение: Параметр "sourceImage" неверен. Возможно, этот холст не создан, или уже уничтожен, или не загрузилась картинка.

#1: TXLib [Ver: 00173a, Rev: 173, Date: 2024-06-23 22:37:05 +0400], Instance: 0x0051052C (32-bit), Flags: CMdRe0, Thread: 0x116C (Main), GetLastError(): 13 (Недопустимые данные). 

--------------------------------------------------
Стек вызовов:



--------------------------------------------------
Developed with:

The Dumb Artist Library (TX Library)
TXLib [Ver: 00173a, Rev: 173, Date: 2024-06-23 22:37:05 +0400]
Copyright (C) Ded (Ilya Dedinsky, http://txlib.ru) <mail@txlib.ru>
See license on: http://txlib.ru

TXLib file:	c:\codeblocks\codeblocks\mingw\include\txlib.h
Compiled:	May 22 2025 10:18:58, GNU g++ 4.8.1, std=201103L, MinGW Runtime 3.20, 32-bit, Debug
Started:	May 22 2025 10:19:41

Run file:	C:\Шлёнкин Матвей\тест\bin\Release\тест.exe
Directory:	C:\Шлёнкин Матвей\тест

--------------------------------------------------

--------------------------------------------------
TXLib соболезнует...

Программа: C:\Шлёнкин Матвей\тест\bin\Release\тест.exe, файл: c:\codeblocks\codeblocks\mingw\include\txlib.h, строка: 13722, функция: bool {anonymous}::TX::txBitBlt(HDC, double, double, double, double, HDC, double, double, unsigned int),

Сообщение: Параметр "sourceImage" неверен. Возможно, этот холст не создан, или уже уничтожен, или не загрузилась картинка.

#1: TXLib [Ver: 00173a, Rev: 173, Date: 2024-06-23 22:37:05 +0400], Instance: 0x0051256C (32-bit), Flags: CMdRe0, Thread: 0x2318 (Main), GetLastError(): 13 (Недопустимые данные). 

--------------------------------------------------
Стек вызовов:



--------------------------------------------------
Developed with:

The Dumb Artist Library (TX Library)
TXLib [Ver: 00173a, Rev: 173, Date: 2024-06-23 22:37:05 +0400]
Copyright (C) Ded (Ilya Dedinsky, http://txlib.ru) <mail@txlib.ru>
See license on: http://txlib.ru

TXLib file:	c:\codeblocks\codeblocks\mingw\include\txlib.h
Compiled:	May 27 2025 09:16:10, GNU g++ 4.8.1, std=201103L, MinGW Runtime 3.20, 32-bit, Debug
Started:	May 27 2025 09:16:48

Run file:	C:\Шлёнкин Матвей\тест\bin\Release\тест.exe
Directory:	C:\Шлёнкин Матвей\тест

--------------------------------------------------

--------------------------------------------------
TXLib соболезнует...

Программа: C:\Шлёнкин Матвей\тест\bin\Release\тест.exe, файл: c:\codeblocks\codeblocks\mingw\include\txlib.h, строка: 13722, функция: bool {anonymous}::TX::txBitBlt(HDC, double, double, double, double, HDC, double, double, unsigned int),

Сообщение: Параметр "sourceImage" неверен. Возможно, этот холст не создан, или уже уничтожен, или не загрузилась картинка.

#1: TXLib [Ver: 00173a, Rev: 173, Date: 2024-06-23 22:37:05 +0400], Instance: 0x0051256C (32-bit), Flags: CMdRe0, Thread: 0xB9C (Main), GetLastError(): 13 (Недопустимые данные). 

--------------------------------------------------
Стек вызовов:



--------------------------------------------------
Developed with:

The Dumb Artist Library (TX Library)
TXLib [Ver: 00173a, Rev: 173, Date: 2024-06-23 22:37:05 +0400]
Copyright (C) Ded (Ilya Dedinsky, http://txlib.ru) <mail@txlib.ru>
See license on: http://txlib.ru

TXLib file:	c:\codeblocks\codeblocks\mingw\include\txlib.h
Compiled:	May 27 2025 09:16:10, GNU g++ 4.8.1, std=201103L, MinGW Runtime 3.20, 32-bit, Debug
Started:	May 27 2025 09:16:58

Run file:	C:\Шлёнкин Матвей\тест\bin\Release\тест.exe
Directory:	C:\Шлёнкин Матвей\тест

--------------------------------------------------

--------------------------------------------------
TXLib соболезнует...

Программа: C:\Шлёнкин Матвей\тест\bin\Release\тест.exe, файл: c:\codeblocks\codeblocks\mingw\include\txlib.h, строка: 13722, функция: bool {anonymous}::TX::txBitBlt(HDC, double, double, double, double, HDC, double, double, unsigned int),

Сообщение: Параметр "sourceImage" неверен. Возможно, этот холст не создан, или уже уничтожен, или не загрузилась картинка.

#1: TXLib [Ver: 00173a, Rev: 173, Date: 2024-06-23 22:37:05 +0400], Instance: 0x0051256C (32-bit), Flags: CMdRe0, Thread: 0x11E4 (Main), GetLastError(): 13 (Недопустимые данные). 

--------------------------------------------------
Стек вызовов:



--------------------------------------------------
Developed with:

The Dumb Artist Library (TX Library)
TXLib [Ver: 00173a, Rev: 173, Date: 2024-06-23 22:37:05 +0400]
Copyright (C) Ded (Ilya Dedinsky, http://txlib.ru) <mail@txlib.ru>
See license on: http://txlib.ru

TXLib file:	c:\codeblocks\codeblocks\mingw\include\txlib.h
Compiled:	May 27 2025 09:16:10, GNU g++ 4.8.1, std=201103L, MinGW Runtime 3.20, 32-bit, Debug
Started:	May 27 2025 09:17:51

Run file:	C:\Шлёнкин Матвей\тест\bin\Release\тест.exe
Directory:	C:\Шлёнкин Матвей\тест

--------------------------------------------------

--------------------------------------------------
TXLib соболезнует...

Программа: C:\Шлёнкин Матвей\тест\bin\Release\тест.exe, файл: c:\codeblocks\codeblocks\mingw\include\txlib.h, строка: 13722, функция: bool {anonymous}::TX::txBitBlt(HDC, double, double, double, double, HDC, double, double, unsigned int),

Сообщение: Параметр "sourceImage" неверен. Возможно, этот холст не создан, или уже уничтожен, или не загрузилась картинка.

#1: TXLib [Ver: 00173a, Rev: 173, Date: 2024-06-23 22:37:05 +0400], Instance: 0x0051256C (32-bit), Flags: CMdRe0, Thread: 0x1D6C (Main), GetLastError(): 13 (Недопустимые данные). 

--------------------------------------------------
Стек вызовов:



--------------------------------------------------
Developed with:

The Dumb Artist Library (TX Library)
TXLib [Ver: 00173a, Rev: 173, Date: 2024-06-23 22:37:05 +0400]
Copyright (C) Ded (Ilya Dedinsky, http://txlib.ru) <mail@txlib.ru>
See license on: http://txlib.ru

TXLib file:	c:\codeblocks\codeblocks\mingw\include\txlib.h
Compiled:	May 27 2025 09:16:10, GNU g++ 4.8.1, std=201103L, MinGW Runtime 3.20, 32-bit, Debug
Started:	May 27 2025 09:17:57

Run file:	C:\Шлёнкин Матвей\тест\bin\Release\тест.exe
Directory:	C:\Шлёнкин Матвей\тест

--------------------------------------------------

--------------------------------------------------
TXLib соболезнует...

Программа: C:\Шлёнкин Матвей\тест\bin\Release\тест.exe, файл: c:\codeblocks\codeblocks\mingw\include\txlib.h, строка: 13722, функция: bool {anonymous}::TX::txBitBlt(HDC, double, double, double, double, HDC, double, double, unsigned int),

Сообщение: Параметр "sourceImage" неверен. Возможно, этот холст не создан, или уже уничтожен, или не загрузилась картинка.

#1: TXLib [Ver: 00173a, Rev: 173, Date: 2024-06-23 22:37:05 +0400], Instance: 0x0051256C (32-bit), Flags: CMdRe0, Thread: 0x17EC (Main), GetLastError(): 13 (Недопустимые данные). 

--------------------------------------------------
Стек вызовов:



--------------------------------------------------
Developed with:

The Dumb Artist Library (TX Library)
TXLib [Ver: 00173a, Rev: 173, Date: 2024-06-23 22:37:05 +0400]
Copyright (C) Ded (Ilya Dedinsky, http://txlib.ru) <mail@txlib.ru>
See license on: http://txlib.ru

TXLib file:	c:\codeblocks\codeblocks\mingw\include\txlib.h
Compiled:	May 27 2025 09:16:10, GNU g++ 4.8.1, std=201103L, MinGW Runtime 3.20, 32-bit, Debug
Started:	May 27 2025 09:18:36

Run file:	C:\Шлёнкин Матвей\тест\bin\Release\тест.exe
Directory:	C:\Шлёнкин Матвей\тест

--------------------------------------------------

--------------------------------------------------
TXLib соболезнует...

Программа: C:\Шлёнкин Матвей\тест\bin\Release\тест.exe, файл: c:\codeblocks\codeblocks\mingw\include\txlib.h, строка: 13722, функция: bool {anonymous}::TX::txBitBlt(HDC, double, double, double, double, HDC, double, double, unsigned int),

Сообщение: Параметр "sourceImage" неверен. Возможно, этот холст не создан, или уже уничтожен, или не загрузилась картинка.

#1: TXLib [Ver: 00173a, Rev: 173, Date: 2024-06-23 22:37:05 +0400], Instance: 0x0051256C (32-bit), Flags: CMdRe0, Thread: 0x1BB0 (Main), GetLastError(): 13 (Недопустимые данные). 

--------------------------------------------------
Стек вызовов:



--------------------------------------------------
Developed with:

The Dumb Artist Library (TX Library)
TXLib [Ver: 00173a, Rev: 173, Date: 2024-06-23 22:37:05 +0400]
Copyright (C) Ded (Ilya Dedinsky, http://txlib.ru) <mail@txlib.ru>
See license on: http://txlib.ru

TXLib file:	c:\codeblocks\codeblocks\mingw\include\txlib.h
Compiled:	May 27 2025 09:16:10, GNU g++ 4.8.1, std=201103L, MinGW Runtime 3.20, 32-bit, Debug
Started:	May 27 2025 09:19:22

Run file:	C:\Шлёнкин Матвей\тест\bin\Release\тест.exe
Directory:	C:\Шлёнкин Матвей\тест

--------------------------------------------------

--------------------------------------------------
TXLib соболезнует...

Программа: C:\Шлёнкин Матвей\тест\bin\Release\тест.exe, файл: c:\codeblocks\codeblocks\mingw\include\txlib.h, строка: 13722, функция: bool {anonymous}::TX::txBitBlt(HDC, double, double, double, double, HDC, double, double, unsigned int),

Сообщение: Параметр "sourceImage" неверен. Возможно, этот холст не создан, или уже уничтожен, или не загрузилась картинка.

#1: TXLib [Ver: 00173a, Rev: 173, Date: 2024-06-23 22:37:05 +0400], Instance: 0x0051256C (32-bit), Flags: CMdRe0, Thread: 0x1D78 (Main), GetLastError(): 13 (Недопустимые данные). 

--------------------------------------------------
Стек вызовов:



--------------------------------------------------
Developed with:

The Dumb Artist Library (TX Library)
TXLib [Ver: 00173a, Rev: 173, Date: 2024-06-23 22:37:05 +0400]
Copyright (C) Ded (Ilya Dedinsky, http://txlib.ru) <mail@txlib.ru>
See license on: http://txlib.ru

TXLib file:	c:\codeblocks\codeblocks\mingw\include\txlib.h
Compiled:	May 27 2025 09:24:10, GNU g++ 4.8.1, std=201103L, MinGW Runtime 3.20, 32-bit, Debug
Started:	May 27 2025 09:24:45

Run file:	C:\Шлёнкин Матвей\тест\bin\Release\тест.exe
Directory:	C:\Шлёнкин Матвей\тест

--------------------------------------------------

--------------------------------------------------
TXLib соболезнует...

Программа: C:\Шлёнкин Матвей\тест\bin\Release\тест.exe, файл: c:\codeblocks\codeblocks\mingw\include\txlib.h, строка: 13722, функция: bool {anonymous}::TX::txBitBlt(HDC, double, double, double, double, HDC, double, double, unsigned int),

Сообщение: Параметр "sourceImage" неверен. Возможно, этот холст не создан, или уже уничтожен, или не загрузилась картинка.

#1: TXLib [Ver: 00173a, Rev: 173, Date: 2024-06-23 22:37:05 +0400], Instance: 0x0051256C (32-bit), Flags: CMdRe0, Thread: 0x1A20 (Main), GetLastError(): 13 (Недопустимые данные). 

--------------------------------------------------
Стек вызовов:



--------------------------------------------------
Developed with:

The Dumb Artist Library (TX Library)
TXLib [Ver: 00173a, Rev: 173, Date: 2024-06-23 22:37:05 +0400]
Copyright (C) Ded (Ilya Dedinsky, http://txlib.ru) <mail@txlib.ru>
See license on: http://txlib.ru

TXLib file:	c:\codeblocks\codeblocks\mingw\include\txlib.h
Compiled:	May 27 2025 09:25:54, GNU g++ 4.8.1, std=201103L, MinGW Runtime 3.20, 32-bit, Debug
Started:	May 27 2025 09:26:28

Run file:	C:\Шлёнкин Матвей\тест\bin\Release\тест.exe
Directory:	C:\Шлёнкин Матвей\тест

--------------------------------------------------

--------------------------------------------------
TXLib соболезнует...

Программа: C:\Шлёнкин Матвей\тест\bin\Release\тест.exe, файл: c:\codeblocks\codeblocks\mingw\include\txlib.h, строка: 13722, функция: bool {anonymous}::TX::txBitBlt(HDC, double, double, double, double, HDC, double, double, unsigned int),

Сообщение: Параметр "sourceImage" неверен. Возможно, этот холст не создан, или уже уничтожен, или не загрузилась картинка.

#1: TXLib [Ver: 00173a, Rev: 173, Date: 2024-06-23 22:37:05 +0400], Instance: 0x0051256C (32-bit), Flags: CMdRe0, Thread: 0x2460 (Main), GetLastError(): 13 (Недопустимые данные). 

--------------------------------------------------
Стек вызовов:



--------------------------------------------------
Developed with:

The Dumb Artist Library (TX Library)
TXLib [Ver: 00173a, Rev: 173, Date: 2024-06-23 22:37:05 +0400]
Copyright (C) Ded (Ilya Dedinsky, http://txlib.ru) <mail@txlib.ru>
See license on: http://txlib.ru

TXLib file:	c:\codeblocks\codeblocks\mingw\include\txlib.h
Compiled:	May 27 2025 09:27:03, GNU g++ 4.8.1, std=201103L, MinGW Runtime 3.20, 32-bit, Debug
Started:	May 27 2025 09:27:38

Run file:	C:\Шлёнкин Матвей\тест\bin\Release\тест.exe
Directory:	C:\Шлёнкин Матвей\тест

--------------------------------------------------

--------------------------------------------------
TXLib предупреждает:

Программа: C:\Шлёнкин Матвей\тест\bin\Release\тест.exe,

ВНЕЗАПНО: Нарушение доступа к памяти.

#1: Исключение EXCEPTION_ACCESS_VIOLATION (0xC0000005) при выполнении кода по адресу 0x00494860. Попытка записать данные по адресу 0x76DC7459 в модуле C:\Шлёнкин Матвей\тест\bin\Release\тест.exe. Спасибо _txVectoredExceptionHandler(), что сообщил. Люблю его <3

#1: TXLib [Ver: 00173a, Rev: 173, Date: 2024-06-23 22:37:05 +0400], Instance: 0x0051256C (32-bit), Flags: CMdRe0, Thread: 0x1AA8 (Main). 

--------------------------------------------------
Стек вызовов:



--------------------------------------------------
Developed with:

The Dumb Artist Library (TX Library)
TXLib [Ver: 00173a, Rev: 173, Date: 2024-06-23 22:37:05 +0400]
Copyright (C) Ded (Ilya Dedinsky, http://txlib.ru) <mail@txlib.ru>
See license on: http://txlib.ru

TXLib file:	c:\codeblocks\codeblocks\mingw\include\txlib.h
Compiled:	May 27 2025 09:40:24, GNU g++ 4.8.1, std=201103L, MinGW Runtime 3.20, 32-bit, Debug
Started:	May 27 2025 09:57:52

Run file:	C:\Шлёнкин Матвей\тест\bin\Release\тест.exe
Directory:	C:\Шлёнкин Матвей\тест

--------------------------------------------------

--------------------------------------------------
TXLib соболезнует...

Программа: C:\Шлёнкин Матвей\тест\bin\Release\тест.exe,

ВНЕЗАПНО: signal (11, 0x00): SIGSEGV: Доступ по неверному указателю. Ставьте ассерты! 

Нарушение доступа к памяти.

#1: Исключение EXCEPTION_ACCESS_VIOLATION (0xC0000005) при выполнении кода по адресу 0x00494860. Попытка записать данные по адресу 0x76DC7459 в модуле C:\Шлёнкин Матвей\тест\bin\Release\тест.exe. Спасибо _txVectoredExceptionHandler(), что сообщил. Люблю его <3

С помощью функции signal() вы можете сами обработать эту ошибку.

#2: TXLib [Ver: 00173a, Rev: 173, Date: 2024-06-23 22:37:05 +0400], Instance: 0x0051256C (32-bit), Flags: CMdRe0, Thread: 0x1AA8 (Main). 

--------------------------------------------------
Стек вызовов:



--------------------------------------------------
Developed with:

The Dumb Artist Library (TX Library)
TXLib [Ver: 00173a, Rev: 173, Date: 2024-06-23 22:37:05 +0400]
Copyright (C) Ded (Ilya Dedinsky, http://txlib.ru) <mail@txlib.ru>
See license on: http://txlib.ru

TXLib file:	c:\codeblocks\codeblocks\mingw\include\txlib.h
Compiled:	May 27 2025 09:40:24, GNU g++ 4.8.1, std=201103L, MinGW Runtime 3.20, 32-bit, Debug
Started:	May 27 2025 09:57:52

Run file:	C:\Шлёнкин Матвей\тест\bin\Release\тест.exe
Directory:	C:\Шлёнкин Матвей\тест

--------------------------------------------------

--------------------------------------------------
TXLib предупреждает:

Программа: C:\Шлёнкин Матвей\тест\bin\Release\тест.exe,

ВНЕЗАПНО: Нарушение доступа к памяти.

#1: Исключение EXCEPTION_ACCESS_VIOLATION (0xC0000005) при выполнении кода по адресу 0x00494860. Попытка записать данные по адресу 0x76DC7459 в модуле C:\Шлёнкин Матвей\тест\bin\Release\тест.exe. Спасибо _txVectoredExceptionHandler(), что сообщил. Люблю его <3

#1: TXLib [Ver: 00173a, Rev: 173, Date: 2024-06-23 22:37:05 +0400], Instance: 0x0051256C (32-bit), Flags: CMdRe0, Thread: 0x780 (Main). 

--------------------------------------------------
Стек вызовов:



--------------------------------------------------
Developed with:

The Dumb Artist Library (TX Library)
TXLib [Ver: 00173a, Rev: 173, Date: 2024-06-23 22:37:05 +0400]
Copyright (C) Ded (Ilya Dedinsky, http://txlib.ru) <mail@txlib.ru>
See license on: http://txlib.ru

TXLib file:	c:\codeblocks\codeblocks\mingw\include\txlib.h
Compiled:	May 27 2025 09:40:24, GNU g++ 4.8.1, std=201103L, MinGW Runtime 3.20, 32-bit, Debug
Started:	May 27 2025 10:01:27

Run file:	C:\Шлёнкин Матвей\тест\bin\Release\тест.exe
Directory:	C:\Шлёнкин Матвей\тест

--------------------------------------------------

--------------------------------------------------
TXLib соболезнует...

Программа: C:\Шлёнкин Матвей\тест\bin\Release\тест.exe,

ВНЕЗАПНО: signal (11, 0x00): SIGSEGV: Доступ по неверному указателю. Ставьте ассерты! 

Нарушение доступа к памяти.

#1: Исключение EXCEPTION_ACCESS_VIOLATION (0xC0000005) при выполнении кода по адресу 0x00494860. Попытка записать данные по адресу 0x76DC7459 в модуле C:\Шлёнкин Матвей\тест\bin\Release\тест.exe. Спасибо _txVectoredExceptionHandler(), что сообщил. Люблю его <3

С помощью функции signal() вы можете сами обработать эту ошибку.

#2: TXLib [Ver: 00173a, Rev: 173, Date: 2024-06-23 22:37:05 +0400], Instance: 0x0051256C (32-bit), Flags: CMdRe0, Thread: 0x780 (Main). 

--------------------------------------------------
Стек вызовов:



--------------------------------------------------
Developed with:

The Dumb Artist Library (TX Library)
TXLib [Ver: 00173a, Rev: 173, Date: 2024-06-23 22:37:05 +0400]
Copyright (C) Ded (Ilya Dedinsky, http://txlib.ru) <mail@txlib.ru>
See license on: http://txlib.ru

TXLib file:	c:\codeblocks\codeblocks\mingw\include\txlib.h
Compiled:	May 27 2025 09:40:24, GNU g++ 4.8.1, std=201103L, MinGW Runtime 3.20, 32-bit, Debug
Started:	May 27 2025 10:01:28

Run file:	C:\Шлёнкин Матвей\тест\bin\Release\тест.exe
Directory:	C:\Шлёнкин Матвей\тест

--------------------------------------------------

--------------------------------------------------
TXLib предупреждает:

Программа: C:\Шлёнкин Матвей\тест\bin\Release\тест.exe,

ВНЕЗАПНО: Нарушение доступа к памяти.

#1: Исключение EXCEPTION_ACCESS_VIOLATION (0xC0000005) при выполнении кода по адресу 0x00494860. Попытка записать данные по адресу 0x76DC7459 в модуле C:\Шлёнкин Матвей\тест\bin\Release\тест.exe. Спасибо _txVectoredExceptionHandler(), что сообщил. Люблю его <3

#1: TXLib [Ver: 00173a, Rev: 173, Date: 2024-06-23 22:37:05 +0400], Instance: 0x0051256C (32-bit), Flags: CMdRe0, Thread: 0xE4C (Main). 

--------------------------------------------------
Стек вызовов:



--------------------------------------------------
Developed with:

The Dumb Artist Library (TX Library)
TXLib [Ver: 00173a, Rev: 173, Date: 2024-06-23 22:37:05 +0400]
Copyright (C) Ded (Ilya Dedinsky, http://txlib.ru) <mail@txlib.ru>
See license on: http://txlib.ru

TXLib file:	c:\codeblocks\codeblocks\mingw\include\txlib.h
Compiled:	May 27 2025 09:40:24, GNU g++ 4.8.1, std=201103L, MinGW Runtime 3.20, 32-bit, Debug
Started:	May 27 2025 10:02:39

Run file:	C:\Шлёнкин Матвей\тест\bin\Release\тест.exe
Directory:	C:\Шлёнкин Матвей\тест

--------------------------------------------------

--------------------------------------------------
TXLib соболезнует...

Программа: C:\Шлёнкин Матвей\тест\bin\Release\тест.exe,

ВНЕЗАПНО: signal (11, 0x00): SIGSEGV: Доступ по неверному указателю. Ставьте ассерты! 

Нарушение доступа к памяти.

#1: Исключение EXCEPTION_ACCESS_VIOLATION (0xC0000005) при выполнении кода по адресу 0x00494860. Попытка записать данные по адресу 0x76DC7459 в модуле C:\Шлёнкин Матвей\тест\bin\Release\тест.exe. Спасибо _txVectoredExceptionHandler(), что сообщил. Люблю его <3

С помощью функции signal() вы можете сами обработать эту ошибку.

#2: TXLib [Ver: 00173a, Rev: 173, Date: 2024-06-23 22:37:05 +0400], Instance: 0x0051256C (32-bit), Flags: CMdRe0, Thread: 0xE4C (Main). 

--------------------------------------------------
Стек вызовов:



--------------------------------------------------
Developed with:

The Dumb Artist Library (TX Library)
TXLib [Ver: 00173a, Rev: 173, Date: 2024-06-23 22:37:05 +0400]
Copyright (C) Ded (Ilya Dedinsky, http://txlib.ru) <mail@txlib.ru>
See license on: http://txlib.ru

TXLib file:	c:\codeblocks\codeblocks\mingw\include\txlib.h
Compiled:	May 27 2025 09:40:24, GNU g++ 4.8.1, std=201103L, MinGW Runtime 3.20, 32-bit, Debug
Started:	May 27 2025 10:02:40

Run file:	C:\Шлёнкин Матвей\тест\bin\Release\тест.exe
Directory:	C:\Шлёнкин Матвей\тест

--------------------------------------------------

--------------------------------------------------
TXLib соболезнует...

Программа: C:\Шлёнкин Матвей\тест\bin\Release\тест.exe, файл: c:\codeblocks\codeblocks\mingw\include\txlib.h, строка: 13662, функция: HDC__* {anonymous}::TX::txLoadImage(const char*, int, int, unsigned int, unsigned int),

Сообщение: ВНЕЗАПНО: Логическая ошибка: Неверно, что "filename && *filename".

#1: TXLib [Ver: 00173a, Rev: 173, Date: 2024-06-23 22:37:05 +0400], Instance: 0x0051256C (32-bit), Flags: CMdRe0, Thread: 0x1D88 (Main), GetLastError(): 160 (Неверны один или несколько аргументов). 

--------------------------------------------------
Стек вызовов:



--------------------------------------------------
Developed with:

The Dumb Artist Library (TX Library)
TXLib [Ver: 00173a, Rev: 173, Date: 2024-06-23 22:37:05 +0400]
Copyright (C) Ded (Ilya Dedinsky, http://txlib.ru) <mail@txlib.ru>
See license on: http://txlib.ru

TXLib file:	c:\codeblocks\codeblocks\mingw\include\txlib.h
Compiled:	May 27 2025 10:03:05, GNU g++ 4.8.1, std=201103L, MinGW Runtime 3.20, 32-bit, Debug
Started:	May 27 2025 10:03:41

Run file:	C:\Шлёнкин Матвей\тест\bin\Release\тест.exe
Directory:	C:\Шлёнкин Матвей\тест

--------------------------------------------------

--------------------------------------------------
TXLib соболезнует...

Программа: C:\Шлёнкин Матвей\тест\bin\Release\тест.exe, файл: c:\codeblocks\codeblocks\mingw\include\txlib.h, строка: 13662, функция: HDC__* {anonymous}::TX::txLoadImage(const char*, int, int, unsigned int, unsigned int),

Сообщение: ВНЕЗАПНО: Логическая ошибка: Неверно, что "filename && *filename".

#1: TXLib [Ver: 00173a, Rev: 173, Date: 2024-06-23 22:37:05 +0400], Instance: 0x0051256C (32-bit), Flags: CMdRe0, Thread: 0x1CD4 (Main), GetLastError(): 160 (Неверны один или несколько аргументов). 

--------------------------------------------------
Стек вызовов:



--------------------------------------------------
Developed with:

The Dumb Artist Library (TX Library)
TXLib [Ver: 00173a, Rev: 173, Date: 2024-06-23 22:37:05 +0400]
Copyright (C) Ded (Ilya Dedinsky, http://txlib.ru) <mail@txlib.ru>
See license on: http://txlib.ru

TXLib file:	c:\codeblocks\codeblocks\mingw\include\txlib.h
Compiled:	May 27 2025 10:03:05, GNU g++ 4.8.1, std=201103L, MinGW Runtime 3.20, 32-bit, Debug
Started:	May 27 2025 10:06:32

Run file:	C:\Шлёнкин Матвей\тест\bin\Release\тест.exe
Directory:	C:\Шлёнкин Матвей\тест

--------------------------------------------------

--------------------------------------------------
TXLib соболезнует...

Программа: C:\Шлёнкин Матвей\тест\bin\Release\тест.exe, файл: c:\codeblocks\codeblocks\mingw\include\txlib.h, строка: 13222, функция: HPEN__* {anonymous}::TX::txSetColor(COLORREF, double, HDC),

Сообщение: Окно рисования не создано или не в порядке.
Если вы указали параметр "dc", то он неверен.

#1: TXLib [Ver: 00173a, Rev: 173, Date: 2024-06-23 22:37:05 +0400], Instance: 0x0051256C (32-bit), Flags: CMdRE0, Thread: 0x2078 (Main). 

--------------------------------------------------
Стек вызовов:



--------------------------------------------------
Developed with:

The Dumb Artist Library (TX Library)
TXLib [Ver: 00173a, Rev: 173, Date: 2024-06-23 22:37:05 +0400]
Copyright (C) Ded (Ilya Dedinsky, http://txlib.ru) <mail@txlib.ru>
See license on: http://txlib.ru

TXLib file:	c:\codeblocks\codeblocks\mingw\include\txlib.h
Compiled:	May 27 2025 10:03:05, GNU g++ 4.8.1, std=201103L, MinGW Runtime 3.20, 32-bit, Debug
Started:	May 27 2025 10:08:18

Run file:	C:\Шлёнкин Матвей\тест\bin\Release\тест.exe
Directory:	C:\Шлёнкин Матвей\тест

--------------------------------------------------

--------------------------------------------------
TXLib предупреждает:

Программа: C:\Шлёнкин Матвей\тест\bin\Release\тест.exe,

ВНЕЗАПНО: Нарушение доступа к памяти.

#1: Исключение EXCEPTION_ACCESS_VIOLATION (0xC0000005) при выполнении кода по адресу 0x0049395E. Попытка записать данные по адресу 0x0000302D в модуле C:\Шлёнкин Матвей\тест\bin\Release\тест.exe. Спасибо _txVectoredExceptionHandler(), что сообщил. Люблю его <3

#1: TXLib [Ver: 00173a, Rev: 173, Date: 2024-06-23 22:37:05 +0400], Instance: 0x0051256C (32-bit), Flags: CMdRe0, Thread: 0x21F0 (Main). 

--------------------------------------------------
Стек вызовов:



--------------------------------------------------
Developed with:

The Dumb Artist Library (TX Library)
TXLib [Ver: 00173a, Rev: 173, Date: 2024-06-23 22:37:05 +0400]
Copyright (C) Ded (Ilya Dedinsky, http://txlib.ru) <mail@txlib.ru>
See license on: http://txlib.ru

TXLib file:	c:\codeblocks\codeblocks\mingw\include\txlib.h
Compiled:	May 27 2025 10:03:05, GNU g++ 4.8.1, std=201103L, MinGW Runtime 3.20, 32-bit, Debug
Started:	May 27 2025 10:09:03

Run file:	C:\Шлёнкин Матвей\тест\bin\Release\тест.exe
Directory:	C:\Шлёнкин Матвей\тест

--------------------------------------------------

--------------------------------------------------
TXLib соболезнует...

Программа: C:\Шлёнкин Матвей\тест\bin\Release\тест.exe,

ВНЕЗАПНО: signal (11, 0x00): SIGSEGV: Доступ по неверному указателю. Ставьте ассерты! 

Нарушение доступа к памяти.

#1: Исключение EXCEPTION_ACCESS_VIOLATION (0xC0000005) при выполнении кода по адресу 0x0049395E. Попытка записать данные по адресу 0x0000302D в модуле C:\Шлёнкин Матвей\тест\bin\Release\тест.exe. Спасибо _txVectoredExceptionHandler(), что сообщил. Люблю его <3

С помощью функции signal() вы можете сами обработать эту ошибку.

#2: TXLib [Ver: 00173a, Rev: 173, Date: 2024-06-23 22:37:05 +0400], Instance: 0x0051256C (32-bit), Flags: CMdRe0, Thread: 0x21F0 (Main). 

--------------------------------------------------
Стек вызовов:



--------------------------------------------------
Developed with:

The Dumb Artist Library (TX Library)
TXLib [Ver: 00173a, Rev: 173, Date: 2024-06-23 22:37:05 +0400]
Copyright (C) Ded (Ilya Dedinsky, http://txlib.ru) <mail@txlib.ru>
See license on: http://txlib.ru

TXLib file:	c:\codeblocks\codeblocks\mingw\include\txlib.h
Compiled:	May 27 2025 10:03:05, GNU g++ 4.8.1, std=201103L, MinGW Runtime 3.20, 32-bit, Debug
Started:	May 27 2025 10:09:03

Run file:	C:\Шлёнкин Матвей\тест\bin\Release\тест.exe
Directory:	C:\Шлёнкин Матвей\тест

--------------------------------------------------

--------------------------------------------------
TXLib соболезнует...

Программа: C:\Шлёнкин Матвей\тест\bin\Release\тест.exe, файл: c:\codeblocks\codeblocks\mingw\include\txlib.h, строка: 13222, функция: HPEN__* {anonymous}::TX::txSetColor(COLORREF, double, HDC),

Сообщение: Окно рисования не создано или не в порядке.
Если вы указали параметр "dc", то он неверен.

#1: TXLib [Ver: 00173a, Rev: 173, Date: 2024-06-23 22:37:05 +0400], Instance: 0x0051256C (32-bit), Flags: CMdrE0, Thread: 0x1B64 (Main). 

--------------------------------------------------
Стек вызовов:



--------------------------------------------------
Developed with:

The Dumb Artist Library (TX Library)
TXLib [Ver: 00173a, Rev: 173, Date: 2024-06-23 22:37:05 +0400]
Copyright (C) Ded (Ilya Dedinsky, http://txlib.ru) <mail@txlib.ru>
See license on: http://txlib.ru

TXLib file:	c:\codeblocks\codeblocks\mingw\include\txlib.h
Compiled:	May 27 2025 10:10:22, GNU g++ 4.8.1, std=201103L, MinGW Runtime 3.20, 32-bit, Debug
Started:	May 27 2025 10:11:29

Run file:	C:\Шлёнкин Матвей\тест\bin\Release\тест.exe
Directory:	C:\Шлёнкин Матвей\тест

--------------------------------------------------

--------------------------------------------------
TXLib соболезнует...

Программа: C:\Шлёнкин Матвей\тест\bin\Release\тест.exe, файл: c:\codeblocks\codeblocks\mingw\include\txlib.h, строка: 13722, функция: bool {anonymous}::TX::txBitBlt(HDC, double, double, double, double, HDC, double, double, unsigned int),

Сообщение: Параметр "sourceImage" неверен. Возможно, этот холст не создан, или уже уничтожен, или не загрузилась картинка.

#1: TXLib [Ver: 00173a, Rev: 173, Date: 2024-06-23 22:37:05 +0400], Instance: 0x0051256C (32-bit), Flags: CMdRe0, Thread: 0x1E8C (Main), GetLastError(): 13 (Недопустимые данные). 

--------------------------------------------------
Стек вызовов:



--------------------------------------------------
Developed with:

The Dumb Artist Library (TX Library)
TXLib [Ver: 00173a, Rev: 173, Date: 2024-06-23 22:37:05 +0400]
Copyright (C) Ded (Ilya Dedinsky, http://txlib.ru) <mail@txlib.ru>
See license on: http://txlib.ru

TXLib file:	c:\codeblocks\codeblocks\mingw\include\txlib.h
Compiled:	May 29 2025 10:02:57, GNU g++ 4.8.1, std=201103L, MinGW Runtime 3.20, 32-bit, Debug
Started:	May 29 2025 10:03:33

Run file:	C:\Шлёнкин Матвей\тест\bin\Release\тест.exe
Directory:	C:\Шлёнкин Матвей\тест

--------------------------------------------------

--------------------------------------------------
TXLib соболезнует...

Программа: C:\Шлёнкин Матвей\тест\bin\Release\тест.exe, файл: c:\codeblocks\codeblocks\mingw\include\txlib.h, строка: 13222, функция: HPEN__* {anonymous}::TX::txSetColor(COLORREF, double, HDC),

Сообщение: Окно рисования не создано или не в порядке.
Если вы указали параметр "dc", то он неверен.

#1: TXLib [Ver: 00173a, Rev: 173, Date: 2024-06-23 22:37:05 +0400], Instance: 0x0051256C (32-bit), Flags: CMdrE0, Thread: 0x17D8 (Main). 

--------------------------------------------------
Стек вызовов:



--------------------------------------------------
Developed with:

The Dumb Artist Library (TX Library)
TXLib [Ver: 00173a, Rev: 173, Date: 2024-06-23 22:37:05 +0400]
Copyright (C) Ded (Ilya Dedinsky, http://txlib.ru) <mail@txlib.ru>
See license on: http://txlib.ru

TXLib file:	c:\codeblocks\codeblocks\mingw\include\txlib.h
Compiled:	May 29 2025 10:05:41, GNU g++ 4.8.1, std=201103L, MinGW Runtime 3.20, 32-bit, Debug
Started:	May 29 2025 10:06:16

Run file:	C:\Шлёнкин Матвей\тест\bin\Release\тест.exe
Directory:	C:\Шлёнкин Матвей\тест

--------------------------------------------------

--------------------------------------------------
TXLib соболезнует...

Программа: C:\Шлёнкин Матвей\тест\bin\Release\тест.exe, файл: c:\codeblocks\codeblocks\mingw\include\txlib.h, строка: 13222, функция: HPEN__* {anonymous}::TX::txSetColor(COLORREF, double, HDC),

Сообщение: Окно рисования не создано или не в порядке.
Если вы указали параметр "dc", то он неверен.

#1: TXLib [Ver: 00173a, Rev: 173, Date: 2024-06-23 22:37:05 +0400], Instance: 0x0051254C (32-bit), Flags: CMdRE0, Thread: 0x884 (Main). 

--------------------------------------------------
Стек вызовов:



--------------------------------------------------
Developed with:

The Dumb Artist Library (TX Library)
TXLib [Ver: 00173a, Rev: 173, Date: 2024-06-23 22:37:05 +0400]
Copyright (C) Ded (Ilya Dedinsky, http://txlib.ru) <mail@txlib.ru>
See license on: http://txlib.ru

TXLib file:	c:\codeblocks\codeblocks\mingw\include\txlib.h
Compiled:	May 29 2025 10:08:35, GNU g++ 4.8.1, std=201103L, MinGW Runtime 3.20, 32-bit, Debug
Started:	May 29 2025 10:09:08

Run file:	C:\Шлёнкин Матвей\тест\bin\Release\тест.exe
Directory:	C:\Шлёнкин Матвей\тест

--------------------------------------------------

--------------------------------------------------
TXLib соболезнует...

Программа: C:\Шлёнкин Матвей\тест\bin\Release\тест.exe, файл: c:\codeblocks\codeblocks\mingw\include\txlib.h, строка: 13477, функция: bool {anonymous}::TX::txDrawText(double, double, double, double, const char*, unsigned int, HDC),

Сообщение: Окно рисования не создано или не в порядке.
Если вы указали параметр "dc", то он неверен.

#1: TXLib [Ver: 00173a, Rev: 173, Date: 2024-06-23 22:37:05 +0400], Instance: 0x0051256C (32-bit), Flags: CMdrE0, Thread: 0xD8C (Main). 

--------------------------------------------------
Стек вызовов:



--------------------------------------------------
Developed with:

The Dumb Artist Library (TX Library)
TXLib [Ver: 00173a, Rev: 173, Date: 2024-06-23 22:37:05 +0400]
Copyright (C) Ded (Ilya Dedinsky, http://txlib.ru) <mail@txlib.ru>
See license on: http://txlib.ru

TXLib file:	c:\codeblocks\codeblocks\mingw\include\txlib.h
Compiled:	May 29 2025 10:12:32, GNU g++ 4.8.1, std=201103L, MinGW Runtime 3.20, 32-bit, Debug
Started:	May 29 2025 10:13:08

Run file:	C:\Шлёнкин Матвей\тест\bin\Release\тест.exe
Directory:	C:\Шлёнкин Матвей\тест

--------------------------------------------------
